[19:48:46] [ServerMain/INFO]: [bootstrap] Running Java 21 (OpenJDK 64-Bit Server VM 21.0.5+11-Ubuntu-1ubuntu120.04; Ubuntu null) on Linux 6.5.0-1025-azure (amd64)
[19:48:46] [ServerMain/INFO]: [bootstrap] Loading Paper 1.21.3-63-master@4190ee7 (2024-11-25T18:59:19Z) for Minecraft 1.21.3
[19:48:47] [ServerMain/INFO]: [PluginInitializerManager] Initializing plugins...
[19:48:47] [ServerMain/INFO]: [PluginInitializerManager] Initialized 0 plugins
[19:48:48] [Paper Plugin Remapper Thread - 0/INFO]: [ReobfServer] Remapping server...
[19:48:53] [ServerMain/INFO]: Environment: Environment[sessionHost=https://sessionserver.mojang.com, servicesHost=https://api.minecraftservices.com, name=PROD]
[19:48:53] [ServerMain/INFO]: Found new data pack file/bukkit, loading it automatically
[19:48:53] [ServerMain/INFO]: Found new data pack paper, loading it automatically
[19:48:55] [ServerMain/INFO]: No existing world data, creating new world
[19:48:56] [ServerMain/INFO]: Loaded 1337 recipes
[19:48:56] [ServerMain/INFO]: Loaded 1448 advancements
[19:48:56] [Server thread/INFO]: Starting minecraft server version 1.21.3
[19:48:56] [Server thread/INFO]: Loading properties
[19:48:56] [Paper Plugin Remapper Thread - 0/INFO]: [ReobfServer] Done remapping server in 8579ms.
[19:48:56] [Server thread/INFO]: This server is running Paper version 1.21.3-63-master@4190ee7 (2024-11-25T18:59:19Z) (Implementing API version 1.21.3-R0.1-SNAPSHOT)
[19:48:57] [Server thread/INFO]: [spark] This server bundles the spark profiler. For more information please visit https://docs.papermc.io/paper/profiling
[19:48:57] [Server thread/INFO]: Server Ping Player Sample Count: 12
[19:48:57] [Server thread/INFO]: Using 4 threads for Netty based IO
[19:48:58] [Server thread/INFO]: [MoonriseCommon] Paper is using 1 worker threads, 1 I/O threads
[19:48:58] [Server thread/INFO]: [ChunkTaskScheduler] Chunk system is using population gen parallelism: true
[19:48:58] [Server thread/INFO]: Default game type: SURVIVAL
[19:48:58] [Server thread/INFO]: Generating keypair
[19:48:58] [Server thread/INFO]: Starting Minecraft server on *:25565
[19:48:58] [Server thread/INFO]: Using epoll channel type
[19:48:58] [Server thread/INFO]: Paper: Using libdeflate (Linux x86_64) compression from Velocity.
[19:48:58] [Server thread/INFO]: Paper: Using OpenSSL 1.1.x (Linux x86_64) cipher from Velocity.
[19:48:58] [Server thread/WARN]: **** SERVER IS RUNNING IN OFFLINE/INSECURE MODE!
[19:48:58] [Server thread/WARN]: The server will make no attempt to authenticate usernames. Beware.
[19:48:58] [Server thread/WARN]: While this makes the game possible to play without internet access, it also opens up the ability for hackers to connect with any username they choose.
[19:48:58] [Server thread/WARN]: To change this, set "online-mode" to "true" in the server.properties file.
[19:48:58] [Server thread/INFO]: Preparing level "world"
[19:49:05] [Paper Common Worker #0/INFO]: [MCTypeRegistry] Initialising converters for DataConverter...
[19:49:05] [Paper Common Worker #0/INFO]: [MCTypeRegistry] Finished initialising converters for DataConverter in 240.2ms
[19:49:09] [Server thread/INFO]: Preparing start region for dimension minecraft:overworld
[19:49:09] [Server thread/INFO]: Preparing spawn area: 2%
[19:49:09] [Server thread/INFO]: Preparing spawn area: 2%
[19:49:10] [Server thread/INFO]: Preparing spawn area: 2%
[19:49:11] [Server thread/INFO]: Preparing spawn area: 2%
[19:49:11] [Server thread/INFO]: Preparing spawn area: 18%
[19:49:11] [Server thread/INFO]: Preparing spawn area: 18%
[19:49:12] [Server thread/INFO]: Preparing spawn area: 18%
[19:49:12] [Server thread/INFO]: Preparing spawn area: 40%
[19:49:13] [Server thread/INFO]: Preparing spawn area: 44%
[19:49:13] [Server thread/INFO]: Preparing spawn area: 51%
[19:49:14] [Server thread/INFO]: Preparing spawn area: 51%
[19:49:14] [Server thread/INFO]: Preparing spawn area: 51%
[19:49:15] [Server thread/INFO]: Preparing spawn area: 93%
[19:49:15] [Server thread/INFO]: Time elapsed: 6122 ms
[19:49:15] [Server thread/INFO]: Preparing start region for dimension minecraft:the_nether
[19:49:15] [Server thread/INFO]: Preparing spawn area: 2%
[19:49:15] [Server thread/INFO]: Preparing spawn area: 8%
[19:49:16] [Server thread/INFO]: Preparing spawn area: 22%
[19:49:16] [Server thread/INFO]: Preparing spawn area: 57%
[19:49:17] [Server thread/INFO]: Time elapsed: 1831 ms
[19:49:17] [Server thread/INFO]: Preparing start region for dimension minecraft:the_end
[19:49:17] [Server thread/INFO]: Preparing spawn area: 2%
[19:49:17] [Server thread/INFO]: Time elapsed: 483 ms
[19:49:17] [Server thread/INFO]: [spark] Starting background profiler...
[19:49:17] [Server thread/INFO]: Done preparing level "world" (19.142s)
[19:49:17] [Server thread/INFO]: Running delayed init tasks
[19:49:17] [Server thread/INFO]: Done (31.818s)! For help, type "help"
[19:49:17] [Server thread/INFO]: *************************************************************************************
[19:49:17] [Server thread/INFO]: This is the first time you're starting this server.
[19:49:17] [Server thread/INFO]: It's recommended you read our 'Getting Started' documentation for guidance.
[19:49:17] [Server thread/INFO]: View this and more helpful information here: https://docs.papermc.io/paper/next-steps
[19:49:17] [Server thread/INFO]: *************************************************************************************
[19:49:57] [User Authenticator #0/INFO]: UUID of player jmgamer1199 is 80497153-7926-37f5-b2cf-a1c6a227ef8b
[19:49:58] [Server thread/INFO]: jmgamer1199 joined the game
[19:49:58] [Server thread/INFO]: jmgamer1199[/[0:0:0:0:0:0:0:1%0]:60126] logged in with entity id 29 at ([world]9.5, 63.0, -8.5)
[19:52:04] [Server thread/INFO]: jmgamer1199 lost connection: Timed out
[19:52:04] [Server thread/INFO]: jmgamer1199 left the game
